<?xml version="1.0" encoding="UTF-8"?>
<testsuite name="LinkedListTest" tests="1" skipped="0" failures="0" errors="0" timestamp="2022-07-15T01:21:32" hostname="DESKTOP-1OUC25R" time="0.015">
  <properties/>
  <testcase name="test insertAt operation()" classname="LinkedListTest" time="0.015"/>
  <system-out><![CDATA[1 -> 2 -> 3
1 -> 2 -> 5 -> 10 -> 15 -> 3
]]></system-out>
  <system-err><![CDATA[]]></system-err>
</testsuite>
